#
# There is insufficient memory for the Java Runtime Environment to continue.
# Native memory allocation (mmap) failed to map 132120576 bytes for Failed to commit area from 0x0000000083000000 to 0x000000008ae00000 of length 132120576.
# Possible reasons:
#   The system is out of physical RAM or swap space
#   The process is running with CompressedOops enabled, and the Java Heap may be blocking the growth of the native heap
# Possible solutions:
#   Reduce memory load on the system
#   Increase physical memory or swap space
#   Check if swap backing store is full
#   Decrease Java heap size (-Xmx/-Xms)
#   Decrease number of Java threads
#   Decrease Java thread stack sizes (-Xss)
#   Set larger code cache with -XX:ReservedCodeCacheSize=
#   JVM is running with Unscaled Compressed Oops mode in which the Java heap is
#     placed in the first 4GB address space. The Java Heap base address is the
#     maximum limit for the native heap growth. Please use -XX:HeapBaseMinAddress
#     to set the Java Heap base and to place the Java Heap above 4GB virtual address.
# This output file may be truncated or incomplete.
#
#  Out of Memory Error (./open/src/hotspot/os/windows/os_windows.cpp:3315), pid=22496, tid=9032
#
# JRE version:  (14.0.2+12) (build )
# Java VM: OpenJDK 64-Bit Server VM (14.0.2+12-46, mixed mode, sharing, tiered, compressed oops, g1 gc, windows-amd64)
# No core dump will be written. Minidumps are not enabled by default on client versions of Windows
#

---------------  S U M M A R Y ------------

Command Line: -Dcom.sun.management.jmxremote -Dcom.sun.management.jmxremote.port=63247 -Dcom.sun.management.jmxremote.authenticate=false -Dcom.sun.management.jmxremote.ssl=false -Djava.rmi.server.hostname=localhost -Dspring.jmx.enabled=true -Dspring.application.admin.enabled=true -Xverify:none -XX:TieredStopAtLevel=1 -Dspring.boot.project.name=Flight -Dfile.encoding=UTF-8 -XX:+ShowCodeDetailsInExceptionMessages com.flight.FlightApplication --spring.output.ansi.enabled=always

Host: Intel(R) Core(TM) i5-8265U CPU @ 1.60GHz, 8 cores, 7G,  Windows 10 , 64 bit Build 17763 (10.0.17763.1879)
Time: Tue May 25 17:21:11 2021 India Standard Time elapsed time: 0 seconds (0d 0h 0m 0s)

---------------  T H R E A D  ---------------

Current thread (0x00000210066fc800):  JavaThread "Unknown thread" [_thread_in_vm, id=9032, stack(0x000000f8e5600000,0x000000f8e5700000)]

Stack: [0x000000f8e5600000,0x000000f8e5700000]
Native frames: (J=compiled Java code, j=interpreted, Vv=VM code, C=native code)
V  [jvm.dll+0x5f8a9a]
V  [jvm.dll+0x74247a]
V  [jvm.dll+0x743c2f]
V  [jvm.dll+0x744273]
V  [jvm.dll+0x20d288]
V  [jvm.dll+0x5f5dea]
V  [jvm.dll+0x5eac45]
V  [jvm.dll+0x2c7e9c]
V  [jvm.dll+0x2c7cd2]
V  [jvm.dll+0x2cdbbc]
V  [jvm.dll+0x313fe8]
V  [jvm.dll+0x313710]
V  [jvm.dll+0x2a092a]
V  [jvm.dll+0x2a1a79]
V  [jvm.dll+0x71fd48]
V  [jvm.dll+0x321c14]
V  [jvm.dll+0x70112c]
V  [jvm.dll+0x392def]
V  [jvm.dll+0x394e61]
C  [jli.dll+0x524b]
C  [ucrtbase.dll+0x2268a]
C  [KERNEL32.DLL+0x17974]
C  [ntdll.dll+0x5a2f1]


---------------  P R O C E S S  ---------------

Threads class SMR info:
_java_thread_list=0x00007ffbf30f3038, length=0, elements={
}

Java Threads: ( => current thread )

Other Threads:
  0x000002100673f000 GCTaskThread "GC Thread#0" [stack: 0x000000f8e5700000,0x000000f8e5800000] [id=380]
  0x0000021006751800 ConcurrentGCThread "G1 Main Marker" [stack: 0x000000f8e5800000,0x000000f8e5900000] [id=14168]
  0x0000021006753800 ConcurrentGCThread "G1 Conc#0" [stack: 0x000000f8e5900000,0x000000f8e5a00000] [id=5884]

[error occurred during error reporting (printing all threads), id 0xc0000005, EXCEPTION_ACCESS_VIOLATION (0xc0000005) at pc=0x00007ffbf2921257]

VM state:not at safepoint (not fully initialized)

VM Mutex/Monitor currently owned by a thread:  ([mutex/lock_event])
[0x00000210066f8620] Heap_lock - owner thread: 0x00000210066fc800

Heap address: 0x0000000083000000, size: 2000 MB, Compressed Oops mode: 32-bit
Narrow klass base: 0x0000000000000000, Narrow klass shift: 0

GC Heap History (0 events):
No events

Deoptimization events (0 events):
No events

Classes unloaded (0 events):
No events

Classes redefined (0 events):
No events

Internal exceptions (0 events):
No events

Events (2 events):
Event: 0.031 Loaded shared library C:\Development_Avecto\sts\contents\sts-4.8.0.RELEASE\plugins\org.eclipse.justj.openjdk.hotspot.jre.full.win32.x86_64_14.0.2.v20200815-0932\jre\bin\java.dll
Event: 0.033 Loaded shared library C:\Development_Avecto\sts\contents\sts-4.8.0.RELEASE\plugins\org.eclipse.justj.openjdk.hotspot.jre.full.win32.x86_64_14.0.2.v20200815-0932\jre\bin\zip.dll


Dynamic libraries:
0x00007ff7aedf0000 - 0x00007ff7aedfd000 	C:\Development_Avecto\sts\contents\sts-4.8.0.RELEASE\plugins\org.eclipse.justj.openjdk.hotspot.jre.full.win32.x86_64_14.0.2.v20200815-0932\jre\bin\javaw.exe
0x00007ffc698d0000 - 0x00007ffc69abc000 	C:\Windows\SYSTEM32\ntdll.dll
0x00007ffc67260000 - 0x00007ffc67313000 	C:\Windows\System32\KERNEL32.DLL
0x00007ffc65990000 - 0x00007ffc65c24000 	C:\Windows\System32\KERNELBASE.dll
0x00007ffc65fd0000 - 0x00007ffc660ca000 	C:\Windows\System32\ucrtbase.dll
0x00007ffc50690000 - 0x00007ffc506a8000 	C:\Development_Avecto\sts\contents\sts-4.8.0.RELEASE\plugins\org.eclipse.justj.openjdk.hotspot.jre.full.win32.x86_64_14.0.2.v20200815-0932\jre\bin\jli.dll
0x00007ffc50670000 - 0x00007ffc50685000 	C:\Development_Avecto\sts\contents\sts-4.8.0.RELEASE\plugins\org.eclipse.justj.openjdk.hotspot.jre.full.win32.x86_64_14.0.2.v20200815-0932\jre\bin\VCRUNTIME140.dll
0x00007ffc69000000 - 0x00007ffc69197000 	C:\Windows\System32\USER32.dll
0x00007ffc50b30000 - 0x00007ffc50da9000 	C:\Windows\WinSxS\amd64_microsoft.windows.common-controls_6595b64144ccf1df_6.0.17763.1879_none_de7416585348d805\COMCTL32.dll
0x00007ffc660d0000 - 0x00007ffc660f0000 	C:\Windows\System32\win32u.dll
0x00007ffc67110000 - 0x00007ffc671ae000 	C:\Windows\System32\msvcrt.dll
0x00007ffc691a0000 - 0x00007ffc691c9000 	C:\Windows\System32\GDI32.dll
0x00007ffc69500000 - 0x00007ffc6982d000 	C:\Windows\System32\combase.dll
0x00007ffc668f0000 - 0x00007ffc66a8c000 	C:\Windows\System32\gdi32full.dll
0x00007ffc68ee0000 - 0x00007ffc68fff000 	C:\Windows\System32\RPCRT4.dll
0x00007ffc65cc0000 - 0x00007ffc65d60000 	C:\Windows\System32\msvcp_win.dll
0x00007ffc65f50000 - 0x00007ffc65fcf000 	C:\Windows\System32\bcryptPrimitives.dll
0x00007ffc679b0000 - 0x00007ffc679de000 	C:\Windows\System32\IMM32.DLL
0x00007ffc65600000 - 0x00007ffc6571f000 	C:\Program Files\Avecto\Privilege Guard Client\PGHook.dll
0x00007ffc679e0000 - 0x00007ffc68ed9000 	C:\Windows\System32\shell32.dll
0x00007ffc66a90000 - 0x00007ffc66ada000 	C:\Windows\System32\cfgmgr32.dll
0x00007ffc67060000 - 0x00007ffc67108000 	C:\Windows\System32\shcore.dll
0x00007ffc661a0000 - 0x00007ffc668eb000 	C:\Windows\System32\windows.storage.dll
0x00007ffc671b0000 - 0x00007ffc6724e000 	C:\Windows\System32\sechost.dll
0x00007ffc67900000 - 0x00007ffc679a3000 	C:\Windows\System32\advapi32.dll
0x00007ffc658e0000 - 0x00007ffc65904000 	C:\Windows\System32\profapi.dll
0x00007ffc65910000 - 0x00007ffc6596d000 	C:\Windows\System32\powrprof.dll
0x00007ffc692c0000 - 0x00007ffc69312000 	C:\Windows\System32\shlwapi.dll
0x00007ffc658c0000 - 0x00007ffc658d1000 	C:\Windows\System32\kernel.appcore.dll
0x00007ffc66ae0000 - 0x00007ffc66af7000 	C:\Windows\System32\cryptsp.dll
0x00007ffc65250000 - 0x00007ffc65283000 	C:\Windows\system32\rsaenh.dll
0x00007ffc65c30000 - 0x00007ffc65c56000 	C:\Windows\System32\bcrypt.dll
0x00007ffc65240000 - 0x00007ffc6524c000 	C:\Windows\SYSTEM32\CRYPTBASE.dll
0x00007ffc4e500000 - 0x00007ffc4e59b000 	C:\Development_Avecto\sts\contents\sts-4.8.0.RELEASE\plugins\org.eclipse.justj.openjdk.hotspot.jre.full.win32.x86_64_14.0.2.v20200815-0932\jre\bin\msvcp140.dll
0x00007ffbf2670000 - 0x00007ffbf318e000 	C:\Development_Avecto\sts\contents\sts-4.8.0.RELEASE\plugins\org.eclipse.justj.openjdk.hotspot.jre.full.win32.x86_64_14.0.2.v20200815-0932\jre\bin\server\jvm.dll
0x00007ffc692b0000 - 0x00007ffc692b8000 	C:\Windows\System32\PSAPI.DLL
0x00007ffc55580000 - 0x00007ffc55589000 	C:\Windows\SYSTEM32\WSOCK32.dll
0x00007ffc69830000 - 0x00007ffc6989d000 	C:\Windows\System32\WS2_32.dll
0x00007ffc62e10000 - 0x00007ffc62e34000 	C:\Windows\SYSTEM32\WINMM.dll
0x00007ffc55570000 - 0x00007ffc5557a000 	C:\Windows\SYSTEM32\VERSION.dll
0x00007ffc62de0000 - 0x00007ffc62e0d000 	C:\Windows\SYSTEM32\WINMMBASE.dll
0x00007ffc59a40000 - 0x00007ffc59a4a000 	C:\Development_Avecto\sts\contents\sts-4.8.0.RELEASE\plugins\org.eclipse.justj.openjdk.hotspot.jre.full.win32.x86_64_14.0.2.v20200815-0932\jre\bin\jimage.dll
0x00007ffc63ec0000 - 0x00007ffc640ad000 	C:\Windows\SYSTEM32\DBGHELP.DLL
0x00007ffc4cdf0000 - 0x00007ffc4ce1a000 	C:\Windows\SYSTEM32\dbgcore.DLL
0x00007ffc58020000 - 0x00007ffc58045000 	C:\Development_Avecto\sts\contents\sts-4.8.0.RELEASE\plugins\org.eclipse.justj.openjdk.hotspot.jre.full.win32.x86_64_14.0.2.v20200815-0932\jre\bin\java.dll
0x00007ffc57fa0000 - 0x00007ffc57fb6000 	C:\Development_Avecto\sts\contents\sts-4.8.0.RELEASE\plugins\org.eclipse.justj.openjdk.hotspot.jre.full.win32.x86_64_14.0.2.v20200815-0932\jre\bin\zip.dll

dbghelp: loaded successfully - version: 4.0.5 - missing functions: none
symbol engine: initialized successfully - sym options: 0x614 - pdb path: .;C:\Development_Avecto\sts\contents\sts-4.8.0.RELEASE\plugins\org.eclipse.justj.openjdk.hotspot.jre.full.win32.x86_64_14.0.2.v20200815-0932\jre\bin;C:\Windows\SYSTEM32;C:\Windows\WinSxS\amd64_microsoft.windows.common-controls_6595b64144ccf1df_6.0.17763.1879_none_de7416585348d805;C:\Program Files\Avecto\Privilege Guard Client;C:\Development_Avecto\sts\contents\sts-4.8.0.RELEASE\plugins\org.eclipse.justj.openjdk.hotspot.jre.full.win32.x86_64_14.0.2.v20200815-0932\jre\bin\server

VM Arguments:
jvm_args: -Dcom.sun.management.jmxremote -Dcom.sun.management.jmxremote.port=63247 -Dcom.sun.management.jmxremote.authenticate=false -Dcom.sun.management.jmxremote.ssl=false -Djava.rmi.server.hostname=localhost -Dspring.jmx.enabled=true -Dspring.application.admin.enabled=true -Xverify:none -XX:TieredStopAtLevel=1 -Dspring.boot.project.name=Flight -Dfile.encoding=UTF-8 -XX:+ShowCodeDetailsInExceptionMessages 
java_command: com.flight.FlightApplication --spring.output.ansi.enabled=always
java_class_path (initial): C:\Users\761389\spring_workspace\Flight\target\classes;C:\Users\761389\.m2\repository\org\springframework\boot\spring-boot-starter-data-jpa\2.4.5\spring-boot-starter-data-jpa-2.4.5.jar;C:\Users\761389\.m2\repository\org\springframework\boot\spring-boot-starter-aop\2.4.5\spring-boot-starter-aop-2.4.5.jar;C:\Users\761389\.m2\repository\org\springframework\spring-aop\5.3.6\spring-aop-5.3.6.jar;C:\Users\761389\.m2\repository\org\aspectj\aspectjweaver\1.9.6\aspectjweaver-1.9.6.jar;C:\Users\761389\.m2\repository\org\springframework\boot\spring-boot-starter-jdbc\2.4.5\spring-boot-starter-jdbc-2.4.5.jar;C:\Users\761389\.m2\repository\com\zaxxer\HikariCP\3.4.5\HikariCP-3.4.5.jar;C:\Users\761389\.m2\repository\org\springframework\spring-jdbc\5.3.6\spring-jdbc-5.3.6.jar;C:\Users\761389\.m2\repository\jakarta\transaction\jakarta.transaction-api\1.3.3\jakarta.transaction-api-1.3.3.jar;C:\Users\761389\.m2\repository\jakarta\persistence\jakarta.persistence-api\2.2.3\jakarta.persistence-api-2.2.3.jar;C:\Users\761389\.m2\repository\org\hibernate\hibernate-core\5.4.30.Final\hibernate-core-5.4.30.Final.jar;C:\Users\761389\.m2\repository\org\jboss\logging\jboss-logging\3.4.1.Final\jboss-logging-3.4.1.Final.jar;C:\Users\761389\.m2\repository\org\javassist\javassist\3.27.0-GA\javassist-3.27.0-GA.jar;C:\Users\761389\.m2\repository\net\bytebuddy\byte-buddy\1.10.22\byte-buddy-1.10.22.jar;C:\Users\761389\.m2\repository\antlr\antlr\2.7.7\antlr-2.7.7.jar;C:\Users\761389\.m2\repository\org\jboss\jandex\2.2.3.Final\jandex-2.2.3.Final.jar;C:\Users\761389\.m2\repository\com\fasterxml\classmate\1.5.1\classmate-1.5.1.jar;C:\Users\761389\.m2\repository\org\dom4j\dom4j\2.1.3\dom4j-2.1.3.jar;C:\Users\761389\.m2\repository\org\hibernate\common\hibernate-commons-annotations\5.1.2.Final\hibernate-commons-annotations-5.1.2.Final.jar;C:\Users\761389\.m2\repository\org\glassfish\jaxb\jaxb-runtime\2.3.4\jaxb-runtime-2.3.4.jar;C:\Users\761389\.m2\repository\org\glassfish\jaxb\txw2\
Launcher Type: SUN_STANDARD

[Global flags]
     intx CICompilerCount                          = 4                                         {product} {ergonomic}
     uint ConcGCThreads                            = 2                                         {product} {ergonomic}
     uint G1ConcRefinementThreads                  = 8                                         {product} {ergonomic}
   size_t G1HeapRegionSize                         = 1048576                                   {product} {ergonomic}
    uintx GCDrainStackTargetSize                   = 64                                        {product} {ergonomic}
   size_t InitialHeapSize                          = 132120576                                 {product} {ergonomic}
     bool ManagementServer                         = true                                      {product} {command line}
   size_t MarkStackSize                            = 4194304                                   {product} {ergonomic}
   size_t MaxHeapSize                              = 2097152000                                {product} {ergonomic}
   size_t MinHeapDeltaBytes                        = 1048576                                   {product} {ergonomic}
   size_t MinHeapSize                              = 8388608                                   {product} {ergonomic}
    uintx NonNMethodCodeHeapSize                   = 7549744                                {pd product} {ergonomic}
    uintx NonProfiledCodeHeapSize                  = 244108496                              {pd product} {ergonomic}
    uintx ProfiledCodeHeapSize                     = 0                                      {pd product} {ergonomic}
    uintx ReservedCodeCacheSize                    = 251658240                              {pd product} {ergonomic}
     bool SegmentedCodeCache                       = true                                      {product} {ergonomic}
     bool ShowCodeDetailsInExceptionMessages       = true                                   {manageable} {command line}
   size_t SoftMaxHeapSize                          = 2097152000                             {manageable} {ergonomic}
     intx TieredStopAtLevel                        = 1                                         {product} {command line}
     bool UseCompressedClassPointers               = true                                 {lp64_product} {ergonomic}
     bool UseCompressedOops                        = true                                 {lp64_product} {ergonomic}
     bool UseG1GC                                  = true                                      {product} {ergonomic}
     bool UseLargePagesIndividualAllocation        = false                                  {pd product} {ergonomic}

Logging:
Log output configuration:
 #0: stdout all=warning uptime,level,tags
 #1: stderr all=off uptime,level,tags

Environment Variables:
PATH=C:/Development_Avecto/sts/contents/sts-4.8.0.RELEASE//plugins/org.eclipse.justj.openjdk.hotspot.jre.full.win32.x86_64_14.0.2.v20200815-0932/jre/bin/server;C:/Development_Avecto/sts/contents/sts-4.8.0.RELEASE//plugins/org.eclipse.justj.openjdk.hotspot.jre.full.win32.x86_64_14.0.2.v20200815-0932/jre/bin;C:\Program Files\Common Files\Oracle\Java\javapath;C:\Windows\system32;C:\Windows;C:\Windows\System32\Wbem;C:\Windows\System32\WindowsPowerShell\v1.0\;C:\Windows\System32\OpenSSH\;C:\Program Files\nodejs\;C:\Program Files\TortoiseGit\bin;C:\Program Files\Git\cmd;C:\Program Files\Java\jdk-11.0.10\bin;C:\Users\761389\AppData\Roaming\npm;C:\Users\761389\AppData\Roaming\npm\node_modules\@angular\cli\bin;C:\Program Files (x86)\Microsoft SQL Server\150\DTS\Binn\;C:\Program Files\Azure Data Studio\bin;C:\Users\761389\AppData\Local\Microsoft\WindowsApps;;C:\Users\761389\AppData\Local\Programs\Microsoft VS Code\bin;C:\Development_Avecto\sts\contents\sts-4.8.0.RELEASE;
USERNAME=761389
OS=Windows_NT
PROCESSOR_IDENTIFIER=Intel64 Family 6 Model 142 Stepping 12, GenuineIntel



---------------  S Y S T E M  ---------------

OS: Windows 10 , 64 bit Build 17763 (10.0.17763.1879)
OS uptime: 4 days 0:06 hours

CPU:total 8 (initial active 8) (4 cores per cpu, 2 threads per core) family 6 model 142 stepping 12, cmov, cx8, fxsr, mmx, sse, sse2, sse3, ssse3, sse4.1, sse4.2, popcnt, avx, avx2, aes, clmul, erms, 3dnowpref, lzcnt, ht, tsc, tscinvbit, bmi1, bmi2, adx, fma

Memory: 4k page, system-wide physical 7998M (237M free)
TotalPageFile size 24382M (AvailPageFile size 49M)
current process WorkingSet (physical memory assigned to process): 12M, peak: 12M
current process commit charge ("private bytes"): 58M, peak: 184M

vm_info: OpenJDK 64-Bit Server VM (14.0.2+12-46) for windows-amd64 JRE (14.0.2+12-46), built on Jul  9 2020 00:31:16 by "mach5one" with MS VC++ 15.9 (VS2017)

END.
